<?xml version="1.0" encoding="UTF-8"?>
<testng-results ignored="0" total="5" passed="5" failed="0" skipped="0">
  <reporter-output>
  </reporter-output>
  <suite started-at="2020-08-20T23:18:51 IST" name="Default Suite" finished-at="2020-08-20T23:20:05 IST" duration-ms="73766">
    <groups>
    </groups>
    <test started-at="2020-08-20T23:18:51 IST" name="PhorestTester" finished-at="2020-08-20T23:20:05 IST" duration-ms="73766">
      <class name="giftcard.TestPhoster">
        <test-method is-config="true" signature="setUp()[pri:0, instance:giftcard.TestPhoster@dd0c991]" started-at="2020-08-20T23:18:51 IST" name="setUp" finished-at="2020-08-20T23:19:01 IST" duration-ms="9944" status="PASS">
          <reporter-output>
          </reporter-output>
        </test-method> <!-- setUp -->
        <test-method signature="AmountVisible()[pri:0, instance:giftcard.TestPhoster@dd0c991]" started-at="2020-08-20T23:19:01 IST" name="AmountVisible" finished-at="2020-08-20T23:19:09 IST" duration-ms="7274" status="PASS">
          <reporter-output>
          </reporter-output>
        </test-method> <!-- AmountVisible -->
        <test-method is-config="true" signature="cleanup()[pri:0, instance:giftcard.TestPhoster@dd0c991]" started-at="2020-08-20T23:19:09 IST" name="cleanup" finished-at="2020-08-20T23:19:09 IST" duration-ms="1" status="PASS">
          <reporter-output>
          </reporter-output>
        </test-method> <!-- cleanup -->
        <test-method is-config="true" signature="setUp()[pri:0, instance:giftcard.TestPhoster@dd0c991]" started-at="2020-08-20T23:19:09 IST" name="setUp" finished-at="2020-08-20T23:19:14 IST" duration-ms="5555" status="PASS">
          <reporter-output>
          </reporter-output>
        </test-method> <!-- setUp -->
        <test-method signature="should_show_error_on_amount_above_400()[pri:0, instance:giftcard.TestPhoster@dd0c991]" started-at="2020-08-20T23:19:14 IST" name="should_show_error_on_amount_above_400" finished-at="2020-08-20T23:19:20 IST" duration-ms="5523" status="PASS">
          <reporter-output>
          </reporter-output>
        </test-method> <!-- should_show_error_on_amount_above_400 -->
        <test-method is-config="true" signature="setUp()[pri:0, instance:giftcard.TestPhoster@dd0c991]" started-at="2020-08-20T23:19:20 IST" name="setUp" finished-at="2020-08-20T23:19:26 IST" duration-ms="5891" status="PASS">
          <reporter-output>
          </reporter-output>
        </test-method> <!-- setUp -->
        <test-method is-config="true" signature="cleanup()[pri:0, instance:giftcard.TestPhoster@dd0c991]" started-at="2020-08-20T23:19:20 IST" name="cleanup" finished-at="2020-08-20T23:19:20 IST" duration-ms="0" status="PASS">
          <reporter-output>
          </reporter-output>
        </test-method> <!-- cleanup -->
        <test-method signature="should_show_error_on_amount_below_25()[pri:0, instance:giftcard.TestPhoster@dd0c991]" started-at="2020-08-20T23:19:26 IST" name="should_show_error_on_amount_below_25" finished-at="2020-08-20T23:19:28 IST" duration-ms="2319" status="PASS">
          <reporter-output>
          </reporter-output>
        </test-method> <!-- should_show_error_on_amount_below_25 -->
        <test-method is-config="true" signature="cleanup()[pri:0, instance:giftcard.TestPhoster@dd0c991]" started-at="2020-08-20T23:19:28 IST" name="cleanup" finished-at="2020-08-20T23:19:28 IST" duration-ms="1" status="PASS">
          <reporter-output>
          </reporter-output>
        </test-method> <!-- cleanup -->
        <test-method is-config="true" signature="setUp()[pri:0, instance:giftcard.TestPhoster@dd0c991]" started-at="2020-08-20T23:19:28 IST" name="setUp" finished-at="2020-08-20T23:19:33 IST" duration-ms="5462" status="PASS">
          <reporter-output>
          </reporter-output>
        </test-method> <!-- setUp -->
        <test-method signature="test_send_to_me_success_flow()[pri:0, instance:giftcard.TestPhoster@dd0c991]" started-at="2020-08-20T23:19:33 IST" name="test_send_to_me_success_flow" finished-at="2020-08-20T23:19:46 IST" duration-ms="12512" status="PASS">
          <reporter-output>
          </reporter-output>
        </test-method> <!-- test_send_to_me_success_flow -->
        <test-method is-config="true" signature="cleanup()[pri:0, instance:giftcard.TestPhoster@dd0c991]" started-at="2020-08-20T23:19:46 IST" name="cleanup" finished-at="2020-08-20T23:19:46 IST" duration-ms="0" status="PASS">
          <reporter-output>
          </reporter-output>
        </test-method> <!-- cleanup -->
        <test-method is-config="true" signature="setUp()[pri:0, instance:giftcard.TestPhoster@dd0c991]" started-at="2020-08-20T23:19:46 IST" name="setUp" finished-at="2020-08-20T23:19:52 IST" duration-ms="5759" status="PASS">
          <reporter-output>
          </reporter-output>
        </test-method> <!-- setUp -->
        <test-method signature="test_send_to_someone_else_success_flow()[pri:0, instance:giftcard.TestPhoster@dd0c991]" started-at="2020-08-20T23:19:52 IST" name="test_send_to_someone_else_success_flow" finished-at="2020-08-20T23:20:05 IST" duration-ms="13415" status="PASS">
          <reporter-output>
          </reporter-output>
        </test-method> <!-- test_send_to_someone_else_success_flow -->
        <test-method is-config="true" signature="cleanup()[pri:0, instance:giftcard.TestPhoster@dd0c991]" started-at="2020-08-20T23:20:05 IST" name="cleanup" finished-at="2020-08-20T23:20:05 IST" duration-ms="0" status="PASS">
          <reporter-output>
          </reporter-output>
        </test-method> <!-- cleanup -->
      </class> <!-- giftcard.TestPhoster -->
    </test> <!-- PhorestTester -->
  </suite> <!-- Default Suite -->
</testng-results>
