<?xml version="1.0" encoding="UTF-8"?>
<testng-results ignored="0" total="7" passed="7" failed="0" skipped="0">
  <reporter-output>
  </reporter-output>
  <suite started-at="2020-08-20T23:52:04 IST" name="Default Suite" finished-at="2020-08-20T23:54:18 IST" duration-ms="134576">
    <groups>
    </groups>
    <test started-at="2020-08-20T23:52:04 IST" name="PhorestTester" finished-at="2020-08-20T23:54:18 IST" duration-ms="134576">
      <class name="giftcard.TestPhoster">
        <test-method is-config="true" signature="setUp()[pri:0, instance:giftcard.TestPhoster@4a668b6e]" started-at="2020-08-20T23:52:04 IST" name="setUp" finished-at="2020-08-20T23:52:09 IST" duration-ms="4903" status="PASS">
          <reporter-output>
          </reporter-output>
        </test-method> <!-- setUp -->
        <test-method signature="should_show_error_on_amount_above_400()[pri:0, instance:giftcard.TestPhoster@4a668b6e]" started-at="2020-08-20T23:52:09 IST" name="should_show_error_on_amount_above_400" finished-at="2020-08-20T23:52:10 IST" duration-ms="844" status="PASS">
          <reporter-output>
          </reporter-output>
        </test-method> <!-- should_show_error_on_amount_above_400 -->
        <test-method is-config="true" signature="cleanup()[pri:0, instance:giftcard.TestPhoster@4a668b6e]" started-at="2020-08-20T23:52:10 IST" name="cleanup" finished-at="2020-08-20T23:52:10 IST" duration-ms="222" status="PASS">
          <reporter-output>
          </reporter-output>
        </test-method> <!-- cleanup -->
        <test-method is-config="true" signature="setUp()[pri:0, instance:giftcard.TestPhoster@4a668b6e]" started-at="2020-08-20T23:52:10 IST" name="setUp" finished-at="2020-08-20T23:52:14 IST" duration-ms="4001" status="PASS">
          <reporter-output>
          </reporter-output>
        </test-method> <!-- setUp -->
        <test-method signature="should_show_error_on_amount_below_25()[pri:0, instance:giftcard.TestPhoster@4a668b6e]" started-at="2020-08-20T23:52:14 IST" name="should_show_error_on_amount_below_25" finished-at="2020-08-20T23:52:14 IST" duration-ms="452" status="PASS">
          <reporter-output>
          </reporter-output>
        </test-method> <!-- should_show_error_on_amount_below_25 -->
        <test-method is-config="true" signature="cleanup()[pri:0, instance:giftcard.TestPhoster@4a668b6e]" started-at="2020-08-20T23:52:14 IST" name="cleanup" finished-at="2020-08-20T23:52:14 IST" duration-ms="146" status="PASS">
          <reporter-output>
          </reporter-output>
        </test-method> <!-- cleanup -->
        <test-method is-config="true" signature="setUp()[pri:0, instance:giftcard.TestPhoster@4a668b6e]" started-at="2020-08-20T23:52:14 IST" name="setUp" finished-at="2020-08-20T23:52:19 IST" duration-ms="4112" status="PASS">
          <reporter-output>
          </reporter-output>
        </test-method> <!-- setUp -->
        <test-method signature="test_2_emails_delivered_on_gifting_to_other()[pri:0, instance:giftcard.TestPhoster@4a668b6e]" started-at="2020-08-20T23:52:19 IST" name="test_2_emails_delivered_on_gifting_to_other" finished-at="2020-08-20T23:53:00 IST" duration-ms="41078" status="PASS">
          <reporter-output>
          </reporter-output>
        </test-method> <!-- test_2_emails_delivered_on_gifting_to_other -->
        <test-method is-config="true" signature="cleanup()[pri:0, instance:giftcard.TestPhoster@4a668b6e]" started-at="2020-08-20T23:53:00 IST" name="cleanup" finished-at="2020-08-20T23:53:00 IST" duration-ms="192" status="PASS">
          <reporter-output>
          </reporter-output>
        </test-method> <!-- cleanup -->
        <test-method is-config="true" signature="setUp()[pri:0, instance:giftcard.TestPhoster@4a668b6e]" started-at="2020-08-20T23:53:00 IST" name="setUp" finished-at="2020-08-20T23:53:04 IST" duration-ms="4651" status="PASS">
          <reporter-output>
          </reporter-output>
        </test-method> <!-- setUp -->
        <test-method signature="test_elements_content_are_valid_on_web_page()[pri:0, instance:giftcard.TestPhoster@4a668b6e]" started-at="2020-08-20T23:53:04 IST" name="test_elements_content_are_valid_on_web_page" finished-at="2020-08-20T23:53:12 IST" duration-ms="7384" status="PASS">
          <reporter-output>
          </reporter-output>
        </test-method> <!-- test_elements_content_are_valid_on_web_page -->
        <test-method is-config="true" signature="cleanup()[pri:0, instance:giftcard.TestPhoster@4a668b6e]" started-at="2020-08-20T23:53:12 IST" name="cleanup" finished-at="2020-08-20T23:53:12 IST" duration-ms="142" status="PASS">
          <reporter-output>
          </reporter-output>
        </test-method> <!-- cleanup -->
        <test-method is-config="true" signature="setUp()[pri:0, instance:giftcard.TestPhoster@4a668b6e]" started-at="2020-08-20T23:53:12 IST" name="setUp" finished-at="2020-08-20T23:53:16 IST" duration-ms="3974" status="PASS">
          <reporter-output>
          </reporter-output>
        </test-method> <!-- setUp -->
        <test-method signature="test_email_was_delivered()[pri:0, instance:giftcard.TestPhoster@4a668b6e]" started-at="2020-08-20T23:53:16 IST" name="test_email_was_delivered" finished-at="2020-08-20T23:53:45 IST" duration-ms="28946" status="PASS">
          <reporter-output>
          </reporter-output>
        </test-method> <!-- test_email_was_delivered -->
        <test-method is-config="true" signature="cleanup()[pri:0, instance:giftcard.TestPhoster@4a668b6e]" started-at="2020-08-20T23:53:45 IST" name="cleanup" finished-at="2020-08-20T23:53:45 IST" duration-ms="226" status="PASS">
          <reporter-output>
          </reporter-output>
        </test-method> <!-- cleanup -->
        <test-method is-config="true" signature="setUp()[pri:0, instance:giftcard.TestPhoster@4a668b6e]" started-at="2020-08-20T23:53:45 IST" name="setUp" finished-at="2020-08-20T23:53:50 IST" duration-ms="4413" status="PASS">
          <reporter-output>
          </reporter-output>
        </test-method> <!-- setUp -->
        <test-method signature="test_send_to_me_success_flow()[pri:0, instance:giftcard.TestPhoster@4a668b6e]" started-at="2020-08-20T23:53:50 IST" name="test_send_to_me_success_flow" finished-at="2020-08-20T23:54:00 IST" duration-ms="10704" status="PASS">
          <reporter-output>
          </reporter-output>
        </test-method> <!-- test_send_to_me_success_flow -->
        <test-method is-config="true" signature="cleanup()[pri:0, instance:giftcard.TestPhoster@4a668b6e]" started-at="2020-08-20T23:54:00 IST" name="cleanup" finished-at="2020-08-20T23:54:00 IST" duration-ms="148" status="PASS">
          <reporter-output>
          </reporter-output>
        </test-method> <!-- cleanup -->
        <test-method is-config="true" signature="setUp()[pri:0, instance:giftcard.TestPhoster@4a668b6e]" started-at="2020-08-20T23:54:00 IST" name="setUp" finished-at="2020-08-20T23:54:05 IST" duration-ms="4519" status="PASS">
          <reporter-output>
          </reporter-output>
        </test-method> <!-- setUp -->
        <test-method signature="test_send_to_someone_else_success_flow()[pri:0, instance:giftcard.TestPhoster@4a668b6e]" started-at="2020-08-20T23:54:05 IST" name="test_send_to_someone_else_success_flow" finished-at="2020-08-20T23:54:18 IST" duration-ms="13197" status="PASS">
          <reporter-output>
          </reporter-output>
        </test-method> <!-- test_send_to_someone_else_success_flow -->
        <test-method is-config="true" signature="cleanup()[pri:0, instance:giftcard.TestPhoster@4a668b6e]" started-at="2020-08-20T23:54:18 IST" name="cleanup" finished-at="2020-08-20T23:54:18 IST" duration-ms="235" status="PASS">
          <reporter-output>
          </reporter-output>
        </test-method> <!-- cleanup -->
      </class> <!-- giftcard.TestPhoster -->
    </test> <!-- PhorestTester -->
  </suite> <!-- Default Suite -->
</testng-results>
